<?xml version="1.0" encoding="UTF-8"?>
<!-- Generated by org.testng.reporters.JUnitReportReporter -->
<testsuite skipped="0" hostname="DESKTOP-IEBHE6F" name="com.training.sanity.tests.GenericLoginTest" tests="1" failures="0" timestamp="29 Oct 2019 11:10:10 GMT" time="18.242" errors="0">
  <testcase name="LoginTest" time="18.242" classname="com.training.sanity.tests.GenericLoginTest"/>
</testsuite> <!-- com.training.sanity.tests.GenericLoginTest -->
