<?xml version="1.0" encoding="UTF-8"?>
<!-- Generated by org.testng.reporters.JUnitReportReporter -->
<testsuite skipped="0" hostname="DESKTOP-IEBHE6F" name="com.training.sanity.tests.FiveDeleteProduct" tests="1" failures="0" timestamp="04 Nov 2019 09:23:04 GMT" time="28.180" errors="0">
  <testcase name="ValidateFilter" time="28.180" classname="com.training.sanity.tests.FiveDeleteProduct"/>
</testsuite> <!-- com.training.sanity.tests.FiveDeleteProduct -->
