<?xml version="1.0" encoding="UTF-8"?>
<!-- Generated by org.testng.reporters.JUnitReportReporter -->
<testsuite skipped="0" hostname="DESKTOP-IEBHE6F" name="com.training.sanity.tests.SecondCategories" tests="1" failures="0" timestamp="04 Nov 2019 05:35:11 GMT" time="29.269" errors="0">
  <testcase name="ValidateCatalog" time="29.269" classname="com.training.sanity.tests.SecondCategories"/>
</testsuite> <!-- com.training.sanity.tests.SecondCategories -->
