<?xml version="1.0" encoding="UTF-8"?>
<!-- Generated by org.testng.reporters.JUnitReportReporter -->
<testsuite skipped="0" hostname="DESKTOP-IEBHE6F" name="com.training.sanity.tests.AdminLoginTest" tests="1" failures="0" timestamp="29 Oct 2019 11:11:55 GMT" time="18.509" errors="0">
  <testcase name="validLoginTest" time="18.509" classname="com.training.sanity.tests.AdminLoginTest"/>
</testsuite> <!-- com.training.sanity.tests.AdminLoginTest -->
