<?xml version="1.0" encoding="UTF-8"?>
<!-- Generated by org.testng.reporters.JUnitReportReporter -->
<testsuite skipped="0" hostname="DESKTOP-IEBHE6F" name="com.training.sanity.tests.ProductLink" tests="1" failures="0" timestamp="04 Nov 2019 07:10:01 GMT" time="27.098" errors="0">
  <testcase name="ValidateCatalog" time="27.098" classname="com.training.sanity.tests.ProductLink"/>
</testsuite> <!-- com.training.sanity.tests.ProductLink -->
