<?xml version="1.0" encoding="UTF-8"?>
<!-- Generated by org.testng.reporters.JUnitReportReporter -->
<testsuite skipped="0" hostname="DESKTOP-IEBHE6F" name="com.training.sanity.tests.FourFilterProducts" tests="1" failures="0" timestamp="04 Nov 2019 09:06:29 GMT" time="27.915" errors="0">
  <testcase name="ValidateFilter" time="27.915" classname="com.training.sanity.tests.FourFilterProducts"/>
</testsuite> <!-- com.training.sanity.tests.FourFilterProducts -->
